{"C:\\Users\\imtec\\Desktop\\svvt4\\todo-app\\src\\App.tsx": {"path":"C:\\Users\\imtec\\Desktop\\svvt4\\todo-app\\src\\App.tsx","all":false,"statementMap":{"0":{"start":{"line":1,"column":0},"end":{"line":1,"column":39}},"1":{"start":{"line":2,"column":0},"end":{"line":2,"column":18}},"9":{"start":{"line":10,"column":0},"end":{"line":10,"column":31}},"10":{"start":{"line":11,"column":0},"end":{"line":11,"column":48}},"11":{"start":{"line":12,"column":0},"end":{"line":12,"column":44}},"13":{"start":{"line":14,"column":0},"end":{"line":14,"column":55}},"15":{"start":{"line":16,"column":0},"end":{"line":16,"column":46}},"16":{"start":{"line":17,"column":0},"end":{"line":17,"column":22}},"17":{"start":{"line":18,"column":0},"end":{"line":18,"column":31}},"18":{"start":{"line":19,"column":0},"end":{"line":19,"column":76}},"19":{"start":{"line":20,"column":0},"end":{"line":20,"column":39}},"20":{"start":{"line":21,"column":0},"end":{"line":21,"column":18}},"21":{"start":{"line":22,"column":0},"end":{"line":22,"column":3}},"23":{"start":{"line":24,"column":0},"end":{"line":24,"column":35}},"24":{"start":{"line":25,"column":0},"end":{"line":25,"column":22}},"25":{"start":{"line":26,"column":0},"end":{"line":26,"column":66}},"26":{"start":{"line":27,"column":0},"end":{"line":27,"column":5}},"27":{"start":{"line":28,"column":0},"end":{"line":28,"column":3}},"29":{"start":{"line":30,"column":0},"end":{"line":30,"column":29}},"30":{"start":{"line":31,"column":0},"end":{"line":31,"column":51}},"31":{"start":{"line":32,"column":0},"end":{"line":32,"column":3}},"33":{"start":{"line":34,"column":0},"end":{"line":34,"column":35}},"34":{"start":{"line":35,"column":0},"end":{"line":35,"column":55}},"35":{"start":{"line":36,"column":0},"end":{"line":36,"column":3}},"37":{"start":{"line":38,"column":0},"end":{"line":38,"column":10}},"38":{"start":{"line":39,"column":0},"end":{"line":39,"column":35}},"39":{"start":{"line":40,"column":0},"end":{"line":40,"column":24}},"41":{"start":{"line":42,"column":0},"end":{"line":42,"column":59}},"42":{"start":{"line":43,"column":0},"end":{"line":43,"column":14}},"43":{"start":{"line":44,"column":0},"end":{"line":44,"column":36}},"44":{"start":{"line":45,"column":0},"end":{"line":45,"column":21}},"45":{"start":{"line":46,"column":0},"end":{"line":46,"column":25}},"46":{"start":{"line":47,"column":0},"end":{"line":47,"column":54}},"47":{"start":{"line":48,"column":0},"end":{"line":48,"column":10}},"48":{"start":{"line":49,"column":0},"end":{"line":49,"column":42}},"49":{"start":{"line":50,"column":0},"end":{"line":50,"column":13}},"51":{"start":{"line":52,"column":0},"end":{"line":52,"column":43}},"52":{"start":{"line":53,"column":0},"end":{"line":53,"column":93}},"53":{"start":{"line":54,"column":0},"end":{"line":54,"column":15}},"54":{"start":{"line":55,"column":0},"end":{"line":55,"column":31}},"55":{"start":{"line":56,"column":0},"end":{"line":56,"column":34}},"56":{"start":{"line":57,"column":0},"end":{"line":57,"column":47}},"57":{"start":{"line":58,"column":0},"end":{"line":58,"column":9}},"59":{"start":{"line":60,"column":0},"end":{"line":60,"column":17}},"60":{"start":{"line":61,"column":0},"end":{"line":61,"column":12}},"62":{"start":{"line":63,"column":0},"end":{"line":63,"column":32}},"63":{"start":{"line":64,"column":0},"end":{"line":64,"column":30}},"64":{"start":{"line":65,"column":0},"end":{"line":65,"column":50}},"65":{"start":{"line":66,"column":0},"end":{"line":66,"column":18}},"66":{"start":{"line":67,"column":0},"end":{"line":67,"column":29}},"67":{"start":{"line":68,"column":0},"end":{"line":68,"column":33}},"68":{"start":{"line":69,"column":0},"end":{"line":69,"column":50}},"69":{"start":{"line":70,"column":0},"end":{"line":70,"column":36}},"70":{"start":{"line":71,"column":0},"end":{"line":71,"column":14}},"71":{"start":{"line":72,"column":0},"end":{"line":72,"column":92}},"72":{"start":{"line":73,"column":0},"end":{"line":73,"column":19}},"73":{"start":{"line":74,"column":0},"end":{"line":74,"column":36}},"74":{"start":{"line":75,"column":0},"end":{"line":75,"column":49}},"75":{"start":{"line":76,"column":0},"end":{"line":76,"column":48}},"76":{"start":{"line":77,"column":0},"end":{"line":77,"column":13}},"78":{"start":{"line":79,"column":0},"end":{"line":79,"column":21}},"79":{"start":{"line":80,"column":0},"end":{"line":80,"column":15}},"80":{"start":{"line":81,"column":0},"end":{"line":81,"column":11}},"81":{"start":{"line":82,"column":0},"end":{"line":82,"column":11}},"82":{"start":{"line":83,"column":0},"end":{"line":83,"column":10}},"84":{"start":{"line":85,"column":0},"end":{"line":85,"column":1}}},"s":{"0":1,"1":1,"9":46,"10":46,"11":46,"13":46,"15":46,"16":4,"17":4,"18":4,"19":4,"20":4,"21":4,"23":46,"24":2,"25":2,"26":2,"27":2,"29":46,"30":1,"31":1,"33":46,"34":1,"35":1,"37":46,"38":46,"39":46,"41":46,"42":46,"43":46,"44":46,"45":46,"46":46,"47":46,"48":46,"49":46,"51":46,"52":46,"53":46,"54":46,"55":46,"56":46,"57":46,"59":46,"60":46,"62":46,"63":46,"64":15,"65":15,"66":15,"67":15,"68":15,"69":15,"70":15,"71":15,"72":15,"73":15,"74":15,"75":15,"76":15,"78":15,"79":15,"80":46,"81":46,"82":46,"84":46},"branchMap":{"0":{"type":"branch","line":10,"loc":{"start":{"line":10,"column":0},"end":{"line":85,"column":1}},"locations":[{"start":{"line":10,"column":0},"end":{"line":85,"column":1}}]},"1":{"type":"branch","line":53,"loc":{"start":{"line":53,"column":68},"end":{"line":53,"column":78}},"locations":[{"start":{"line":53,"column":68},"end":{"line":53,"column":78}}]},"2":{"type":"branch","line":53,"loc":{"start":{"line":53,"column":72},"end":{"line":53,"column":81}},"locations":[{"start":{"line":53,"column":72},"end":{"line":53,"column":81}}]},"3":{"type":"branch","line":14,"loc":{"start":{"line":14,"column":33},"end":{"line":14,"column":47}},"locations":[{"start":{"line":14,"column":33},"end":{"line":14,"column":47}}]},"4":{"type":"branch","line":16,"loc":{"start":{"line":16,"column":2},"end":{"line":22,"column":3}},"locations":[{"start":{"line":16,"column":2},"end":{"line":22,"column":3}}]},"5":{"type":"branch","line":18,"loc":{"start":{"line":18,"column":25},"end":{"line":18,"column":31}},"locations":[{"start":{"line":18,"column":25},"end":{"line":18,"column":31}}]},"6":{"type":"branch","line":20,"loc":{"start":{"line":20,"column":13},"end":{"line":20,"column":38}},"locations":[{"start":{"line":20,"column":13},"end":{"line":20,"column":38}}]},"7":{"type":"branch","line":24,"loc":{"start":{"line":24,"column":2},"end":{"line":28,"column":3}},"locations":[{"start":{"line":24,"column":2},"end":{"line":28,"column":3}}]},"8":{"type":"branch","line":25,"loc":{"start":{"line":25,"column":13},"end":{"line":26,"column":66}},"locations":[{"start":{"line":25,"column":13},"end":{"line":26,"column":66}}]},"9":{"type":"branch","line":26,"loc":{"start":{"line":26,"column":15},"end":{"line":26,"column":65}},"locations":[{"start":{"line":26,"column":15},"end":{"line":26,"column":65}}]},"10":{"type":"branch","line":26,"loc":{"start":{"line":26,"column":32},"end":{"line":26,"column":63}},"locations":[{"start":{"line":26,"column":32},"end":{"line":26,"column":63}}]},"11":{"type":"branch","line":26,"loc":{"start":{"line":26,"column":59},"end":{"line":26,"column":65}},"locations":[{"start":{"line":26,"column":59},"end":{"line":26,"column":65}}]},"12":{"type":"branch","line":30,"loc":{"start":{"line":30,"column":2},"end":{"line":32,"column":3}},"locations":[{"start":{"line":30,"column":2},"end":{"line":32,"column":3}}]},"13":{"type":"branch","line":31,"loc":{"start":{"line":31,"column":13},"end":{"line":31,"column":50}},"locations":[{"start":{"line":31,"column":13},"end":{"line":31,"column":50}}]},"14":{"type":"branch","line":31,"loc":{"start":{"line":31,"column":35},"end":{"line":31,"column":49}},"locations":[{"start":{"line":31,"column":35},"end":{"line":31,"column":49}}]},"15":{"type":"branch","line":34,"loc":{"start":{"line":34,"column":2},"end":{"line":36,"column":3}},"locations":[{"start":{"line":34,"column":2},"end":{"line":36,"column":3}}]},"16":{"type":"branch","line":35,"loc":{"start":{"line":35,"column":13},"end":{"line":35,"column":54}},"locations":[{"start":{"line":35,"column":13},"end":{"line":35,"column":54}}]},"17":{"type":"branch","line":35,"loc":{"start":{"line":35,"column":35},"end":{"line":35,"column":53}},"locations":[{"start":{"line":35,"column":35},"end":{"line":35,"column":53}}]},"18":{"type":"branch","line":47,"loc":{"start":{"line":47,"column":20},"end":{"line":47,"column":54}},"locations":[{"start":{"line":47,"column":20},"end":{"line":47,"column":54}}]},"19":{"type":"branch","line":64,"loc":{"start":{"line":64,"column":19},"end":{"line":80,"column":15}},"locations":[{"start":{"line":64,"column":19},"end":{"line":80,"column":15}}]},"20":{"type":"branch","line":72,"loc":{"start":{"line":72,"column":46},"end":{"line":72,"column":68}},"locations":[{"start":{"line":72,"column":46},"end":{"line":72,"column":68}}]},"21":{"type":"branch","line":72,"loc":{"start":{"line":72,"column":53},"end":{"line":72,"column":70}},"locations":[{"start":{"line":72,"column":53},"end":{"line":72,"column":70}}]},"22":{"type":"branch","line":69,"loc":{"start":{"line":69,"column":24},"end":{"line":69,"column":50}},"locations":[{"start":{"line":69,"column":24},"end":{"line":69,"column":50}}]},"23":{"type":"branch","line":75,"loc":{"start":{"line":75,"column":23},"end":{"line":75,"column":49}},"locations":[{"start":{"line":75,"column":23},"end":{"line":75,"column":49}}]}},"b":{"0":[46],"1":[35],"2":[11],"3":[15],"4":[4],"5":[0],"6":[4],"7":[2],"8":[2],"9":[3],"10":[2],"11":[1],"12":[1],"13":[1],"14":[2],"15":[1],"16":[1],"17":[1],"18":[34],"19":[15],"20":[2],"21":[13],"22":[2],"23":[1]},"fnMap":{"0":{"name":"App","decl":{"start":{"line":10,"column":0},"end":{"line":85,"column":1}},"loc":{"start":{"line":10,"column":0},"end":{"line":85,"column":1}},"line":10},"1":{"name":"handleAddTask","decl":{"start":{"line":16,"column":2},"end":{"line":22,"column":3}},"loc":{"start":{"line":16,"column":2},"end":{"line":22,"column":3}},"line":16},"2":{"name":"toggleTask","decl":{"start":{"line":24,"column":2},"end":{"line":28,"column":3}},"loc":{"start":{"line":24,"column":2},"end":{"line":28,"column":3}},"line":24},"3":{"name":"clearCompleted","decl":{"start":{"line":30,"column":2},"end":{"line":32,"column":3}},"loc":{"start":{"line":30,"column":2},"end":{"line":32,"column":3}},"line":30},"4":{"name":"deleteTask","decl":{"start":{"line":34,"column":2},"end":{"line":36,"column":3}},"loc":{"start":{"line":34,"column":2},"end":{"line":36,"column":3}},"line":34},"5":{"name":"onChange","decl":{"start":{"line":47,"column":20},"end":{"line":47,"column":54}},"loc":{"start":{"line":47,"column":20},"end":{"line":47,"column":54}},"line":47},"6":{"name":"onChange","decl":{"start":{"line":69,"column":24},"end":{"line":69,"column":50}},"loc":{"start":{"line":69,"column":24},"end":{"line":69,"column":50}},"line":69},"7":{"name":"onClick","decl":{"start":{"line":75,"column":23},"end":{"line":75,"column":49}},"loc":{"start":{"line":75,"column":23},"end":{"line":75,"column":49}},"line":75}},"f":{"0":46,"1":4,"2":2,"3":1,"4":1,"5":34,"6":2,"7":1}}
,"C:\\Users\\imtec\\Desktop\\svvt4\\todo-app\\src\\main.tsx": {"path":"C:\\Users\\imtec\\Desktop\\svvt4\\todo-app\\src\\main.tsx","all":true,"statementMap":{"0":{"start":{"line":1,"column":0},"end":{"line":1,"column":34}},"1":{"start":{"line":2,"column":0},"end":{"line":2,"column":45}},"2":{"start":{"line":3,"column":0},"end":{"line":3,"column":20}},"3":{"start":{"line":4,"column":0},"end":{"line":4,"column":27}},"5":{"start":{"line":6,"column":0},"end":{"line":6,"column":52}},"6":{"start":{"line":7,"column":0},"end":{"line":7,"column":14}},"7":{"start":{"line":8,"column":0},"end":{"line":8,"column":11}},"8":{"start":{"line":9,"column":0},"end":{"line":9,"column":16}},"9":{"start":{"line":10,"column":0},"end":{"line":10,"column":1}}},"s":{"0":0,"1":0,"2":0,"3":0,"5":0,"6":0,"7":0,"8":0,"9":0},"branchMap":{"0":{"type":"branch","line":1,"loc":{"start":{"line":1,"column":210},"end":{"line":10,"column":-156}},"locations":[{"start":{"line":1,"column":210},"end":{"line":10,"column":-156}}]}},"b":{"0":[0]},"fnMap":{"0":{"name":"(empty-report)","decl":{"start":{"line":1,"column":210},"end":{"line":10,"column":-156}},"loc":{"start":{"line":1,"column":210},"end":{"line":10,"column":-156}},"line":1}},"f":{"0":0}}
}
